<?xml version="1.0" encoding="UTF-8"?>
<!-- Generated by org.testng.reporters.JUnitReportReporter -->
<testsuite hostname="DESKTOP-93BOKER" failures="0" tests="1" name="TestSite_TCs.LoginTestCase" time="15.606" errors="0" timestamp="2021-02-25T23:27:47 IST" skipped="0">
  <testcase classname="TestSite_TCs.LoginTestCase" name="Login" time="15.606"/>
  <system-out/>
</testsuite> <!-- TestSite_TCs.LoginTestCase -->
