<?xml version="1.0" encoding="UTF-8"?>
<!-- Generated by org.testng.reporters.JUnitReportReporter -->
<testsuite hostname="DESKTOP-93BOKER" failures="0" tests="1" name="WithoutFindByanotation.WithoutFindBy_Login" time="12.345" errors="0" timestamp="2021-02-16T12:11:28 IST" skipped="0">
  <testcase classname="WithoutFindByanotation.WithoutFindBy_Login" name="WithoutFindByLogin" time="12.345"/>
  <system-out/>
</testsuite> <!-- WithoutFindByanotation.WithoutFindBy_Login -->
